<?xml version="1.0" encoding="UTF-8"?>
<testsuite xmlns:xsi="http://www.w3.org/2001/XMLSchema-instance" xsi:noNamespaceSchemaLocation="https://maven.apache.org/surefire/maven-surefire-plugin/xsd/surefire-test-report.xsd" name="org.apache.hadoop.hive.cli.TestCliDriver" time="64.768" tests="3" errors="0" skipped="0" failures="0">
  <properties>
[...]
</properties>
  <testcase name="testCliDriver[select_as_omitted]" classname="org.apache.hadoop.hive.cli.TestCliDriver" time="16.927"/>
  <testcase name="testCliDriver[select_same_col]" classname="org.apache.hadoop.hive.cli.TestCliDriver" time="13.744"/>
  <testcase name="testCliDriver[selectindate]" classname="org.apache.hadoop.hive.cli.TestCliDriver" time="14.629"/>
</testsuite>