[INFO] Scanning for projects...
[INFO] 
[INFO] -------------------< org.apache.hive:hive-it-qfile >--------------------
[INFO] Building Hive Integration - QFile Tests 4.0.0-SNAPSHOT
[INFO] --------------------------------[ jar ]---------------------------------
[WARNING] The POM for org.glassfish:javax.el:jar:3.0.1-b06-SNAPSHOT is missing, no dependency information available
[WARNING] The POM for org.glassfish:javax.el:jar:3.0.1-b07-SNAPSHOT is missing, no dependency information available
[WARNING] The POM for org.glassfish:javax.el:jar:3.0.1-b08-SNAPSHOT is missing, no dependency information available
[WARNING] The POM for org.glassfish:javax.el:jar:3.0.1-b11-SNAPSHOT is missing, no dependency information available
[INFO] 
[INFO] --- maven-enforcer-plugin:1.3.1:enforce (enforce-no-snapshots) @ hive-it-qfile ---
[INFO] 
[INFO] --- maven-enforcer-plugin:1.3.1:enforce (enforce-banned-dependencies-licenses) @ hive-it-qfile ---
[INFO] 
[INFO] --- maven-enforcer-plugin:1.3.1:enforce (enforce-banned-dependencies-logging) @ hive-it-qfile ---
[INFO] 
[INFO] --- properties-maven-plugin:1.0-alpha-2:read-project-properties (default) @ hive-it-qfile ---
[INFO] 
[INFO] --- maven-remote-resources-plugin:1.5:process (process-resource-bundles) @ hive-it-qfile ---
[INFO] 
[INFO] --- maven-resources-plugin:2.7:resources (default-resources) @ hive-it-qfile ---
[INFO] Using 'UTF-8' encoding to copy filtered resources.
[INFO] skip non existing resourceDirectory /Users/gates/git/hive/itests/qtest/src/main/resources
[INFO] Copying 3 resources
[INFO] 
[INFO] --- maven-antrun-plugin:1.7:run (define-classpath) @ hive-it-qfile ---
[INFO] Executing tasks

main:
[INFO] Executed tasks
[INFO] 
[INFO] --- maven-compiler-plugin:3.6.1:compile (default-compile) @ hive-it-qfile ---
[INFO] No sources to compile
[INFO] 
[INFO] --- maven-antrun-plugin:1.7:run (generate-tests-sources) @ hive-it-qfile ---
[INFO] Executing tasks

main:
    [mkdir] Created dir: /Users/gates/git/hive/itests/qtest/target/qfile-results/clientpositive
    [mkdir] Created dir: /Users/gates/git/hive/itests/qtest/target/qfile-results/clientpositive/perf
    [mkdir] Created dir: /Users/gates/git/hive/itests/qtest/target/qfile-results/clientnegative
    [mkdir] Created dir: /Users/gates/git/hive/itests/qtest/target/qfile-results/clientcompare
    [mkdir] Created dir: /Users/gates/git/hive/itests/qtest/target/qfile-results/positive
    [mkdir] Created dir: /Users/gates/git/hive/itests/qtest/target/qfile-results/negative
    [mkdir] Created dir: /Users/gates/git/hive/itests/qtest/target/qfile-results/hbase-handler/positive
    [mkdir] Created dir: /Users/gates/git/hive/itests/qtest/target/qfile-results/hbase-handler/negative
    [mkdir] Created dir: /Users/gates/git/hive/itests/qtest/target/qfile-results/hbase-handler/minimrpositive
    [mkdir] Created dir: /Users/gates/git/hive/itests/qtest/target/qfile-results/contribpositive
    [mkdir] Created dir: /Users/gates/git/hive/itests/qtest/target/qfile-results/contribnegative
    [mkdir] Created dir: /Users/gates/git/hive/itests/qtest/target/qfile-results/contribclientpositive
    [mkdir] Created dir: /Users/gates/git/hive/itests/qtest/target/qfile-results/contribclientnegative
[INFO] Executed tasks
[INFO] 
[INFO] --- build-helper-maven-plugin:1.8:add-test-source (add-test-sources) @ hive-it-qfile ---
[INFO] Test Source directory: /Users/gates/git/hive/itests/qtest/target/generated-test-sources/java added.
[INFO] 
[INFO] --- maven-resources-plugin:2.7:testResources (default-testResources) @ hive-it-qfile ---
[INFO] Using 'UTF-8' encoding to copy filtered resources.
[INFO] skip non existing resourceDirectory /Users/gates/git/hive/itests/qtest/src/test/resources
[INFO] Copying 3 resources
[INFO] 
[INFO] --- maven-antrun-plugin:1.7:run (setup-test-dirs) @ hive-it-qfile ---
[INFO] Executing tasks

main:
    [mkdir] Created dir: /Users/gates/git/hive/itests/qtest/target/tmp
    [mkdir] Created dir: /Users/gates/git/hive/itests/qtest/target/warehouse
    [mkdir] Created dir: /Users/gates/git/hive/itests/qtest/target/testconf
     [copy] Copying 19 files to /Users/gates/git/hive/itests/qtest/target/testconf
[INFO] Executed tasks
[INFO] 
[INFO] --- maven-compiler-plugin:3.6.1:testCompile (default-testCompile) @ hive-it-qfile ---
[INFO] Compiling 25 source files to /Users/gates/git/hive/itests/qtest/target/test-classes
[INFO] 
[INFO] --- maven-surefire-plugin:2.21.0:test (default-test) @ hive-it-qfile ---
[INFO] 
[INFO] -------------------------------------------------------
[INFO]  T E S T S
[INFO] -------------------------------------------------------
[INFO] Running org.apache.hadoop.hive.cli.TestCliDriver
[ERROR] Tests run: 4, Failures: 1, Errors: 0, Skipped: 0, Time elapsed: 146.29 s <<< FAILURE! - in org.apache.hadoop.hive.cli.TestCliDriver
[ERROR] testCliDriver[selectDistinctStar](org.apache.hadoop.hive.cli.TestCliDriver)  Time elapsed: 105.638 s  <<< FAILURE!
java.lang.AssertionError: 
Client Execution succeeded but contained differences (error code = 2) after executing selectDistinctStar.q 
See ./ql/target/tmp/log/hive.log or ./itests/qtest/target/tmp/log/hive.log, or check ./ql/target/surefire-reports or ./itests/qtest/target/surefire-reports/ for specific test cases logs.
	at org.junit.Assert.fail(Assert.java:88)
	at org.apache.hadoop.hive.ql.QTestUtil.failedDiff(QTestUtil.java:981)
	at org.apache.hadoop.hive.cli.control.CoreCliDriver.runTest(CoreCliDriver.java:196)
	at org.apache.hadoop.hive.cli.control.CliAdapter.runTest(CliAdapter.java:104)
	at org.apache.hadoop.hive.cli.TestCliDriver.testCliDriver(TestCliDriver.java:59)
	at sun.reflect.NativeMethodAccessorImpl.invoke0(Native Method)
	at sun.reflect.NativeMethodAccessorImpl.invoke(NativeMethodAccessorImpl.java:62)
	at sun.reflect.DelegatingMethodAccessorImpl.invoke(DelegatingMethodAccessorImpl.java:43)
	at java.lang.reflect.Method.invoke(Method.java:498)
	at org.junit.runners.model.FrameworkMethod$1.runReflectiveCall(FrameworkMethod.java:47)
	at org.junit.internal.runners.model.ReflectiveCallable.run(ReflectiveCallable.java:12)
	at org.junit.runners.model.FrameworkMethod.invokeExplosively(FrameworkMethod.java:44)
	at org.junit.internal.runners.statements.InvokeMethod.evaluate(InvokeMethod.java:17)
	at org.apache.hadoop.hive.cli.control.CliAdapter$2$1.evaluate(CliAdapter.java:92)
	at org.junit.rules.RunRules.evaluate(RunRules.java:20)
	at org.junit.runners.ParentRunner.runLeaf(ParentRunner.java:271)
	at org.junit.runners.BlockJUnit4ClassRunner.runChild(BlockJUnit4ClassRunner.java:70)
	at org.junit.runners.BlockJUnit4ClassRunner.runChild(BlockJUnit4ClassRunner.java:50)
	at org.junit.runners.ParentRunner$3.run(ParentRunner.java:238)
	at org.junit.runners.ParentRunner$1.schedule(ParentRunner.java:63)
	at org.junit.runners.ParentRunner.runChildren(ParentRunner.java:236)
	at org.junit.runners.ParentRunner.access$000(ParentRunner.java:53)
	at org.junit.runners.ParentRunner$2.evaluate(ParentRunner.java:229)
	at org.junit.runners.ParentRunner.run(ParentRunner.java:309)
	at org.junit.runners.Suite.runChild(Suite.java:127)
	at org.junit.runners.Suite.runChild(Suite.java:26)
	at org.junit.runners.ParentRunner$3.run(ParentRunner.java:238)
	at org.junit.runners.ParentRunner$1.schedule(ParentRunner.java:63)
	at org.junit.runners.ParentRunner.runChildren(ParentRunner.java:236)
	at org.junit.runners.ParentRunner.access$000(ParentRunner.java:53)
	at org.junit.runners.ParentRunner$2.evaluate(ParentRunner.java:229)
	at org.apache.hadoop.hive.cli.control.CliAdapter$1$1.evaluate(CliAdapter.java:73)
	at org.junit.rules.RunRules.evaluate(RunRules.java:20)
	at org.junit.runners.ParentRunner.run(ParentRunner.java:309)
	at org.apache.maven.surefire.junit4.JUnit4Provider.execute(JUnit4Provider.java:365)
	at org.apache.maven.surefire.junit4.JUnit4Provider.executeWithRerun(JUnit4Provider.java:273)
	at org.apache.maven.surefire.junit4.JUnit4Provider.executeTestSet(JUnit4Provider.java:238)
	at org.apache.maven.surefire.junit4.JUnit4Provider.invoke(JUnit4Provider.java:159)
	at org.apache.maven.surefire.booter.ForkedBooter.invokeProviderInSameClassLoader(ForkedBooter.java:379)
	at org.apache.maven.surefire.booter.ForkedBooter.runSuitesInProcess(ForkedBooter.java:340)
	at org.apache.maven.surefire.booter.ForkedBooter.execute(ForkedBooter.java:125)
	at org.apache.maven.surefire.booter.ForkedBooter.main(ForkedBooter.java:413)

[INFO] 
[INFO] Results:
[INFO] 
[ERROR] Failures: 
[ERROR]   TestCliDriver.testCliDriver:59 Client Execution succeeded but contained differences (error code = 2) after executing selectDistinctStar.q 
See ./ql/target/tmp/log/hive.log or ./itests/qtest/target/tmp/log/hive.log, or check ./ql/target/surefire-reports or ./itests/qtest/target/surefire-reports/ for specific test cases logs.
[INFO] 
[ERROR] Tests run: 4, Failures: 1, Errors: 0, Skipped: 0
[INFO] 
[INFO] ------------------------------------------------------------------------
[INFO] BUILD FAILURE
[INFO] ------------------------------------------------------------------------
[INFO] Total time:  02:57 min
[INFO] Finished at: 2019-11-27T11:50:24-08:00
[INFO] ------------------------------------------------------------------------
[ERROR] Failed to execute goal org.apache.maven.plugins:maven-surefire-plugin:2.21.0:test (default-test) on project hive-it-qfile: There are test failures.
[ERROR] 
[ERROR] Please refer to /Users/gates/git/hive/itests/qtest/target/surefire-reports for the individual test results.
[ERROR] Please refer to dump files (if any exist) [date]-jvmRun[N].dump, [date].dumpstream and [date]-jvmRun[N].dumpstream.
[ERROR] -> [Help 1]
[ERROR] 
[ERROR] To see the full stack trace of the errors, re-run Maven with the -e switch.
[ERROR] Re-run Maven using the -X switch to enable full debug logging.
[ERROR] 
[ERROR] For more information about the errors and possible solutions, please read the following articles:
[ERROR] [Help 1] http://cwiki.apache.org/confluence/display/MAVEN/MojoFailureException
