<?xml version="1.0" encoding="UTF-8"?>
<testsuite xmlns:xsi="http://www.w3.org/2001/XMLSchema-instance" xsi:noNamespaceSchemaLocation="https://maven.apache.org/surefire/maven-surefire-plugin/xsd/surefire-test-report.xsd" name="org.apache.hadoop.hive.cli.TestCliDriver" time="146.29" tests="4" errors="0" skipped="0" failures="1">
  <properties>
[...]
</properties>
  <testcase name="testCliDriver[selectDistinctStar]" classname="org.apache.hadoop.hive.cli.TestCliDriver" time="105.638">
    <failure message="Client Execution succeeded but contained differences (error code = 2) after executing selectDistinctStar.q &#10;See ./ql/target/tmp/log/hive.log or ./itests/qtest/target/tmp/log/hive.log, or check ./ql/target/surefire-reports or ./itests/qtest/target/surefire-reports/ for specific test cases logs." type="java.lang.AssertionError">java.lang.AssertionError: 
Client Execution succeeded but contained differences (error code = 2) after executing selectDistinctStar.q 
See ./ql/target/tmp/log/hive.log or ./itests/qtest/target/tmp/log/hive.log, or check ./ql/target/surefire-reports or ./itests/qtest/target/surefire-reports/ for specific test cases logs.
	at org.junit.Assert.fail(Assert.java:88)
	at org.apache.hadoop.hive.ql.QTestUtil.failedDiff(QTestUtil.java:981)
	at org.apache.hadoop.hive.cli.control.CoreCliDriver.runTest(CoreCliDriver.java:196)
	at org.apache.hadoop.hive.cli.control.CliAdapter.runTest(CliAdapter.java:104)
	at org.apache.hadoop.hive.cli.TestCliDriver.testCliDriver(TestCliDriver.java:59)
	at sun.reflect.NativeMethodAccessorImpl.invoke0(Native Method)
	at sun.reflect.NativeMethodAccessorImpl.invoke(NativeMethodAccessorImpl.java:62)
	at sun.reflect.DelegatingMethodAccessorImpl.invoke(DelegatingMethodAccessorImpl.java:43)
	at java.lang.reflect.Method.invoke(Method.java:498)
	at org.junit.runners.model.FrameworkMethod$1.runReflectiveCall(FrameworkMethod.java:47)
	at org.junit.internal.runners.model.ReflectiveCallable.run(ReflectiveCallable.java:12)
	at org.junit.runners.model.FrameworkMethod.invokeExplosively(FrameworkMethod.java:44)
	at org.junit.internal.runners.statements.InvokeMethod.evaluate(InvokeMethod.java:17)
	at org.apache.hadoop.hive.cli.control.CliAdapter$2$1.evaluate(CliAdapter.java:92)
	at org.junit.rules.RunRules.evaluate(RunRules.java:20)
	at org.junit.runners.ParentRunner.runLeaf(ParentRunner.java:271)
	at org.junit.runners.BlockJUnit4ClassRunner.runChild(BlockJUnit4ClassRunner.java:70)
	at org.junit.runners.BlockJUnit4ClassRunner.runChild(BlockJUnit4ClassRunner.java:50)
	at org.junit.runners.ParentRunner$3.run(ParentRunner.java:238)
	at org.junit.runners.ParentRunner$1.schedule(ParentRunner.java:63)
	at org.junit.runners.ParentRunner.runChildren(ParentRunner.java:236)
	at org.junit.runners.ParentRunner.access$000(ParentRunner.java:53)
	at org.junit.runners.ParentRunner$2.evaluate(ParentRunner.java:229)
	at org.junit.runners.ParentRunner.run(ParentRunner.java:309)
	at org.junit.runners.Suite.runChild(Suite.java:127)
	at org.junit.runners.Suite.runChild(Suite.java:26)
	at org.junit.runners.ParentRunner$3.run(ParentRunner.java:238)
	at org.junit.runners.ParentRunner$1.schedule(ParentRunner.java:63)
	at org.junit.runners.ParentRunner.runChildren(ParentRunner.java:236)
	at org.junit.runners.ParentRunner.access$000(ParentRunner.java:53)
	at org.junit.runners.ParentRunner$2.evaluate(ParentRunner.java:229)
	at org.apache.hadoop.hive.cli.control.CliAdapter$1$1.evaluate(CliAdapter.java:73)
	at org.junit.rules.RunRules.evaluate(RunRules.java:20)
	at org.junit.runners.ParentRunner.run(ParentRunner.java:309)
	at org.apache.maven.surefire.junit4.JUnit4Provider.execute(JUnit4Provider.java:365)
	at org.apache.maven.surefire.junit4.JUnit4Provider.executeWithRerun(JUnit4Provider.java:273)
	at org.apache.maven.surefire.junit4.JUnit4Provider.executeTestSet(JUnit4Provider.java:238)
	at org.apache.maven.surefire.junit4.JUnit4Provider.invoke(JUnit4Provider.java:159)
	at org.apache.maven.surefire.booter.ForkedBooter.invokeProviderInSameClassLoader(ForkedBooter.java:379)
	at org.apache.maven.surefire.booter.ForkedBooter.runSuitesInProcess(ForkedBooter.java:340)
	at org.apache.maven.surefire.booter.ForkedBooter.execute(ForkedBooter.java:125)
	at org.apache.maven.surefire.booter.ForkedBooter.main(ForkedBooter.java:413)
</failure>
    <system-out><![CDATA[detected hiveRoot: /Users/gates/git/hive
property: qfile used as override with val: selectDistinctStar.q,select_as_omitted.q,select_same_col.q,selectindate.q
property: run_disabled used as override with val: false
PREHOOK: query: DROP TABLE IF EXISTS src
PREHOOK: type: DROPTABLE
POSTHOOK: query: DROP TABLE IF EXISTS src
POSTHOOK: type: DROPTABLE
PREHOOK: query: DROP TABLE IF EXISTS src1
PREHOOK: type: DROPTABLE
POSTHOOK: query: DROP TABLE IF EXISTS src1
POSTHOOK: type: DROPTABLE
PREHOOK: query: DROP TABLE IF EXISTS src_json
PREHOOK: type: DROPTABLE
POSTHOOK: query: DROP TABLE IF EXISTS src_json
POSTHOOK: type: DROPTABLE
PREHOOK: query: DROP TABLE IF EXISTS src_sequencefile
PREHOOK: type: DROPTABLE
POSTHOOK: query: DROP TABLE IF EXISTS src_sequencefile
POSTHOOK: type: DROPTABLE
PREHOOK: query: DROP TABLE IF EXISTS src_thrift
PREHOOK: type: DROPTABLE
POSTHOOK: query: DROP TABLE IF EXISTS src_thrift
POSTHOOK: type: DROPTABLE
PREHOOK: query: DROP TABLE IF EXISTS srcbucket
PREHOOK: type: DROPTABLE
POSTHOOK: query: DROP TABLE IF EXISTS srcbucket
POSTHOOK: type: DROPTABLE
PREHOOK: query: DROP TABLE IF EXISTS srcbucket2
PREHOOK: type: DROPTABLE
POSTHOOK: query: DROP TABLE IF EXISTS srcbucket2
POSTHOOK: type: DROPTABLE
PREHOOK: query: DROP TABLE IF EXISTS srcpart
PREHOOK: type: DROPTABLE
POSTHOOK: query: DROP TABLE IF EXISTS srcpart
POSTHOOK: type: DROPTABLE
PREHOOK: query: DROP TABLE IF EXISTS primitives
PREHOOK: type: DROPTABLE
POSTHOOK: query: DROP TABLE IF EXISTS primitives
POSTHOOK: type: DROPTABLE
PREHOOK: query: DROP TABLE IF EXISTS dest1
PREHOOK: type: DROPTABLE
POSTHOOK: query: DROP TABLE IF EXISTS dest1
POSTHOOK: type: DROPTABLE
PREHOOK: query: DROP TABLE IF EXISTS dest2
PREHOOK: type: DROPTABLE
POSTHOOK: query: DROP TABLE IF EXISTS dest2
POSTHOOK: type: DROPTABLE
PREHOOK: query: DROP TABLE IF EXISTS dest3
PREHOOK: type: DROPTABLE
POSTHOOK: query: DROP TABLE IF EXISTS dest3
POSTHOOK: type: DROPTABLE
PREHOOK: query: DROP TABLE IF EXISTS dest4
PREHOOK: type: DROPTABLE
POSTHOOK: query: DROP TABLE IF EXISTS dest4
POSTHOOK: type: DROPTABLE
PREHOOK: query: DROP TABLE IF EXISTS dest4_sequencefile
PREHOOK: type: DROPTABLE
POSTHOOK: query: DROP TABLE IF EXISTS dest4_sequencefile
POSTHOOK: type: DROPTABLE
PREHOOK: query: DROP TABLE IF EXISTS dest_j1
PREHOOK: type: DROPTABLE
POSTHOOK: query: DROP TABLE IF EXISTS dest_j1
POSTHOOK: type: DROPTABLE
PREHOOK: query: DROP TABLE IF EXISTS dest_g1
PREHOOK: type: DROPTABLE
POSTHOOK: query: DROP TABLE IF EXISTS dest_g1
POSTHOOK: type: DROPTABLE
PREHOOK: query: DROP TABLE IF EXISTS dest_g2
PREHOOK: type: DROPTABLE
POSTHOOK: query: DROP TABLE IF EXISTS dest_g2
POSTHOOK: type: DROPTABLE
PREHOOK: query: DROP TABLE IF EXISTS fetchtask_ioexception
PREHOOK: type: DROPTABLE
POSTHOOK: query: DROP TABLE IF EXISTS fetchtask_ioexception
POSTHOOK: type: DROPTABLE
PREHOOK: query: DROP TABLE IF EXISTS alltypesorc
PREHOOK: type: DROPTABLE
POSTHOOK: query: DROP TABLE IF EXISTS alltypesorc
POSTHOOK: type: DROPTABLE
PREHOOK: query: DROP TABLE IF EXISTS alltypesparquet
PREHOOK: type: DROPTABLE
POSTHOOK: query: DROP TABLE IF EXISTS alltypesparquet
POSTHOOK: type: DROPTABLE
PREHOOK: query: DROP TABLE IF EXISTS cbo_t1
PREHOOK: type: DROPTABLE
POSTHOOK: query: DROP TABLE IF EXISTS cbo_t1
POSTHOOK: type: DROPTABLE
PREHOOK: query: DROP TABLE IF EXISTS cbo_t2
PREHOOK: type: DROPTABLE
POSTHOOK: query: DROP TABLE IF EXISTS cbo_t2
POSTHOOK: type: DROPTABLE
PREHOOK: query: DROP TABLE IF EXISTS cbo_t3
PREHOOK: type: DROPTABLE
POSTHOOK: query: DROP TABLE IF EXISTS cbo_t3
POSTHOOK: type: DROPTABLE
PREHOOK: query: DROP TABLE IF EXISTS src_cbo
PREHOOK: type: DROPTABLE
POSTHOOK: query: DROP TABLE IF EXISTS src_cbo
POSTHOOK: type: DROPTABLE
PREHOOK: query: DROP TABLE IF EXISTS part
PREHOOK: type: DROPTABLE
POSTHOOK: query: DROP TABLE IF EXISTS part
POSTHOOK: type: DROPTABLE
PREHOOK: query: DROP TABLE IF EXISTS lineitem
PREHOOK: type: DROPTABLE
POSTHOOK: query: DROP TABLE IF EXISTS lineitem
POSTHOOK: type: DROPTABLE
PREHOOK: query: DROP TABLE IF EXISTS alltypesorc1
PREHOOK: type: DROPTABLE
POSTHOOK: query: DROP TABLE IF EXISTS alltypesorc1
POSTHOOK: type: DROPTABLE
PREHOOK: query: --
-- Function qtest_get_java_boolean
--
DROP FUNCTION IF EXISTS qtest_get_java_boolean
PREHOOK: type: DROPFUNCTION
POSTHOOK: query: --
-- Function qtest_get_java_boolean
--
DROP FUNCTION IF EXISTS qtest_get_java_boolean
POSTHOOK: type: DROPFUNCTION
PREHOOK: query: CREATE FUNCTION qtest_get_java_boolean AS 'org.apache.hadoop.hive.ql.udf.generic.GenericUDFTestGetJavaBoolean'
PREHOOK: type: CREATEFUNCTION
PREHOOK: Output: database:default
PREHOOK: Output: default.qtest_get_java_boolean
POSTHOOK: query: CREATE FUNCTION qtest_get_java_boolean AS 'org.apache.hadoop.hive.ql.udf.generic.GenericUDFTestGetJavaBoolean'
POSTHOOK: type: CREATEFUNCTION
POSTHOOK: Output: database:default
POSTHOOK: Output: default.qtest_get_java_boolean
Running: diff -a /Users/gates/git/hive/itests/qtest/target/qfile-results/clientpositive/selectDistinctStar.q.out /Users/gates/git/hive/ql/src/test/results/clientpositive/selectDistinctStar.q.out
]]></system-out>
    <system-err><![CDATA[SLF4J: Class path contains multiple SLF4J bindings.
SLF4J: Found binding in [jar:file:/Users/gates/.m2/repository/org/apache/logging/log4j/log4j-slf4j-impl/2.10.0/log4j-slf4j-impl-2.10.0.jar!/org/slf4j/impl/StaticLoggerBinder.class]
SLF4J: Found binding in [jar:file:/Users/gates/.m2/repository/org/slf4j/slf4j-log4j12/1.7.25/slf4j-log4j12-1.7.25.jar!/org/slf4j/impl/StaticLoggerBinder.class]
SLF4J: Found binding in [jar:file:/Users/gates/.m2/repository/org/apache/hive/hive-it-druid/4.0.0-SNAPSHOT/hive-it-druid-4.0.0-SNAPSHOT.jar!/org/slf4j/impl/StaticLoggerBinder.class]
SLF4J: See http://www.slf4j.org/codes.html#multiple_bindings for an explanation.
SLF4J: Actual binding is of type [org.apache.logging.slf4j.Log4jLoggerFactory]
DEBUG StatusLogger Using ShutdownCallbackRegistry class org.apache.logging.log4j.core.util.DefaultShutdownCallbackRegistry
DEBUG StatusLogger Took 0.212699 seconds to load 216 plugins from sun.misc.Launcher$AppClassLoader@232204a1
DEBUG StatusLogger PluginManager 'Converter' found 42 plugins
DEBUG StatusLogger Starting OutputStreamManager SYSTEM_OUT.false.false-1
DEBUG StatusLogger Starting LoggerContext[name=232204a1, org.apache.logging.log4j.core.LoggerContext@4d5d943d]...
DEBUG StatusLogger Reconfiguration started for context[name=232204a1] at URI null (org.apache.logging.log4j.core.LoggerContext@4d5d943d) with optional ClassLoader: null
DEBUG StatusLogger PluginManager 'ConfigurationFactory' found 4 plugins
DEBUG StatusLogger Using configurationFactory org.apache.logging.log4j.core.config.ConfigurationFactory$Factory@3754a4bf
DEBUG StatusLogger Initializing configuration org.apache.logging.log4j.core.config.properties.PropertiesConfiguration@1fa121e2
DEBUG StatusLogger Installed 2 script engines
DEBUG StatusLogger Oracle Nashorn version: 1.8.0_192, language: ECMAScript, threading: Not Thread Safe, compile: true, names: [nashorn, Nashorn, js, JS, JavaScript, javascript, ECMAScript, ecmascript], factory class: jdk.nashorn.api.scripting.NashornScriptEngineFactory
DEBUG StatusLogger Groovy Scripting Engine version: 2.0, language: Groovy, threading: MULTITHREADED, compile: true, names: [groovy, Groovy], factory class: org.codehaus.groovy.jsr223.GroovyScriptEngineFactory
INFO StatusLogger Scanning for classes in '/Users/gates/.m2/repository/org/apache/hive/hive-common/4.0.0-SNAPSHOT/hive-common-4.0.0-SNAPSHOT.jar' matching criteria annotated with @Plugin
DEBUG StatusLogger Checking to see if class org.apache.hadoop.hive.ql.log.PerfLogger matches criteria annotated with @Plugin
INFO StatusLogger Scanning for classes in '/Users/gates/.m2/repository/org/apache/hive/hive-exec/4.0.0-SNAPSHOT/hive-exec-4.0.0-SNAPSHOT-tests.jar' matching criteria annotated with @Plugin
DEBUG StatusLogger Checking to see if class org.apache.hadoop.hive.ql.log.TestLog4j2Appenders matches criteria annotated with @Plugin
DEBUG StatusLogger Checking to see if class org.apache.hadoop.hive.ql.log.TestSlidingFilenameRolloverStrategy matches criteria annotated with @Plugin
DEBUG StatusLogger Checking to see if class org.apache.hadoop.hive.ql.log.TestSyslogInputFormat matches criteria annotated with @Plugin
INFO StatusLogger Scanning for classes in '/Users/gates/.m2/repository/org/apache/hive/hive-exec/4.0.0-SNAPSHOT/hive-exec-4.0.0-SNAPSHOT.jar' matching criteria annotated with @Plugin
DEBUG StatusLogger Checking to see if class org.apache.hadoop.hive.ql.log.HiveEventCounter$1 matches criteria annotated with @Plugin
DEBUG StatusLogger Checking to see if class org.apache.hadoop.hive.ql.log.HiveEventCounter$EventCounts matches criteria annotated with @Plugin
DEBUG StatusLogger Checking to see if class org.apache.hadoop.hive.ql.log.HiveEventCounter matches criteria annotated with @Plugin
DEBUG StatusLogger Checking to see if class org.apache.hadoop.hive.ql.log.HushableRandomAccessFileAppender matches criteria annotated with @Plugin
DEBUG StatusLogger Checking to see if class org.apache.hadoop.hive.ql.log.LogDivertAppender$NameFilter matches criteria annotated with @Plugin
DEBUG StatusLogger Checking to see if class org.apache.hadoop.hive.ql.log.LogDivertAppender matches criteria annotated with @Plugin
DEBUG StatusLogger Checking to see if class org.apache.hadoop.hive.ql.log.LogDivertAppenderForTest$TestFilter matches criteria annotated with @Plugin
DEBUG StatusLogger Checking to see if class org.apache.hadoop.hive.ql.log.LogDivertAppenderForTest matches criteria annotated with @Plugin
DEBUG StatusLogger Checking to see if class org.apache.hadoop.hive.ql.log.NullAppender matches criteria annotated with @Plugin
DEBUG StatusLogger Checking to see if class org.apache.hadoop.hive.ql.log.PidFilePatternConverter matches criteria annotated with @Plugin
DEBUG StatusLogger Checking to see if class org.apache.hadoop.hive.ql.log.SlidingFilenameRolloverStrategy$1 matches criteria annotated with @Plugin
DEBUG StatusLogger Checking to see if class org.apache.hadoop.hive.ql.log.SlidingFilenameRolloverStrategy matches criteria annotated with @Plugin
DEBUG StatusLogger Checking to see if class org.apache.hadoop.hive.ql.log.syslog.SyslogInputFormat$Location matches criteria annotated with @Plugin
DEBUG StatusLogger Checking to see if class org.apache.hadoop.hive.ql.log.syslog.SyslogInputFormat matches criteria annotated with @Plugin
DEBUG StatusLogger Checking to see if class org.apache.hadoop.hive.ql.log.syslog.SyslogParser matches criteria annotated with @Plugin
DEBUG StatusLogger Checking to see if class org.apache.hadoop.hive.ql.log.syslog.SyslogSerDe matches criteria annotated with @Plugin
DEBUG StatusLogger Checking to see if class org.apache.hadoop.hive.ql.log.syslog.SyslogStorageHandler matches criteria annotated with @Plugin
DEBUG StatusLogger Checking to see if class org.apache.hadoop.hive.ql.log.PerfLogger matches criteria annotated with @Plugin
DEBUG StatusLogger Took 1.276630 seconds to load 7 plugins from package org.apache.hadoop.hive.ql.log
DEBUG StatusLogger PluginManager 'Core' found 127 plugins
DEBUG StatusLogger PluginManager 'Level' found 0 plugins
DEBUG StatusLogger Building Plugin[name=property, class=org.apache.logging.log4j.core.config.Property].
TRACE StatusLogger TypeConverterRegistry initializing.
DEBUG StatusLogger PluginManager 'TypeConverter' found 26 plugins
DEBUG StatusLogger createProperty(name="hive.log.file", value="hive.log")
DEBUG StatusLogger Building Plugin[name=property, class=org.apache.logging.log4j.core.config.Property].
DEBUG StatusLogger createProperty(name="hive.log.dir", value="/Users/gates/git/hive/itests/qtest/target/tmp/log")
DEBUG StatusLogger Building Plugin[name=property, class=org.apache.logging.log4j.core.config.Property].
DEBUG StatusLogger createProperty(name="hive.root.logger", value="DRFA")
DEBUG StatusLogger Building Plugin[name=property, class=org.apache.logging.log4j.core.config.Property].
DEBUG StatusLogger createProperty(name="hive.log.level", value="DEBUG")
DEBUG StatusLogger Building Plugin[name=property, class=org.apache.logging.log4j.core.config.Property].
DEBUG StatusLogger createProperty(name="hive.test.console.log.level", value="INFO")
DEBUG StatusLogger Building Plugin[name=properties, class=org.apache.logging.log4j.core.config.PropertiesPlugin].
DEBUG StatusLogger configureSubstitutor(={hive.log.file=hive.log, hive.log.dir=/Users/gates/git/hive/itests/qtest/target/tmp/log, hive.root.logger=DRFA, hive.log.level=DEBUG, hive.test.console.log.level=INFO}, Configuration(HiveLog4j2Test))
DEBUG StatusLogger PluginManager 'Lookup' found 14 plugins
DEBUG StatusLogger Building Plugin[name=logger, class=org.apache.logging.log4j.core.config.LoggerConfig].
DEBUG StatusLogger createLogger(additivity="true", level="WARN", name="org.apache.hadoop.ipc", includeLocation="null", ={}, ={}, Configuration(HiveLog4j2Test), Filter=null)
DEBUG StatusLogger Building Plugin[name=logger, class=org.apache.logging.log4j.core.config.LoggerConfig].
DEBUG StatusLogger createLogger(additivity="true", level="INFO", name="org.apache.hadoop.security", includeLocation="null", ={}, ={}, Configuration(HiveLog4j2Test), Filter=null)
DEBUG StatusLogger Building Plugin[name=logger, class=org.apache.logging.log4j.core.config.LoggerConfig].
DEBUG StatusLogger createLogger(additivity="true", level="INFO", name="org.apache.hadoop.hdfs", includeLocation="null", ={}, ={}, Configuration(HiveLog4j2Test), Filter=null)
DEBUG StatusLogger Building Plugin[name=logger, class=org.apache.logging.log4j.core.config.LoggerConfig].
DEBUG StatusLogger createLogger(additivity="true", level="WARN", name="org.apache.hadoop.hdfs.server", includeLocation="null", ={}, ={}, Configuration(HiveLog4j2Test), Filter=null)
DEBUG StatusLogger Building Plugin[name=logger, class=org.apache.logging.log4j.core.config.LoggerConfig].
DEBUG StatusLogger createLogger(additivity="true", level="INFO", name="org.apache.hadoop.metrics2", includeLocation="null", ={}, ={}, Configuration(HiveLog4j2Test), Filter=null)
DEBUG StatusLogger Building Plugin[name=logger, class=org.apache.logging.log4j.core.config.LoggerConfig].
DEBUG StatusLogger createLogger(additivity="true", level="INFO", name="org.mortbay", includeLocation="null", ={}, ={}, Configuration(HiveLog4j2Test), Filter=null)
DEBUG StatusLogger Building Plugin[name=logger, class=org.apache.logging.log4j.core.config.LoggerConfig].
DEBUG StatusLogger createLogger(additivity="true", level="INFO", name="org.apache.hadoop.yarn", includeLocation="null", ={}, ={}, Configuration(HiveLog4j2Test), Filter=null)
DEBUG StatusLogger Building Plugin[name=logger, class=org.apache.logging.log4j.core.config.LoggerConfig].
DEBUG StatusLogger createLogger(additivity="true", level="WARN", name="org.apache.hadoop.yarn.server", includeLocation="null", ={}, ={}, Configuration(HiveLog4j2Test), Filter=null)
DEBUG StatusLogger Building Plugin[name=logger, class=org.apache.logging.log4j.core.config.LoggerConfig].
DEBUG StatusLogger createLogger(additivity="true", level="INFO", name="org.apache.tez", includeLocation="null", ={}, ={}, Configuration(HiveLog4j2Test), Filter=null)
DEBUG StatusLogger Building Plugin[name=logger, class=org.apache.logging.log4j.core.config.LoggerConfig].
DEBUG StatusLogger createLogger(additivity="true", level="ERROR", name="org.apache.hadoop.conf.Configuration", includeLocation="null", ={}, ={}, Configuration(HiveLog4j2Test), Filter=null)
DEBUG StatusLogger Building Plugin[name=logger, class=org.apache.logging.log4j.core.config.LoggerConfig].
DEBUG StatusLogger createLogger(additivity="true", level="INFO", name="org.apache.zookeeper", includeLocation="null", ={}, ={}, Configuration(HiveLog4j2Test), Filter=null)
DEBUG StatusLogger Building Plugin[name=logger, class=org.apache.logging.log4j.core.config.LoggerConfig].
DEBUG StatusLogger createLogger(additivity="true", level="WARN", name="org.apache.zookeeper.server.ServerCnxn", includeLocation="null", ={}, ={}, Configuration(HiveLog4j2Test), Filter=null)
DEBUG StatusLogger Building Plugin[name=logger, class=org.apache.logging.log4j.core.config.LoggerConfig].
DEBUG StatusLogger createLogger(additivity="true", level="WARN", name="org.apache.zookeeper.server.NIOServerCnxn", includeLocation="null", ={}, ={}, Configuration(HiveLog4j2Test), Filter=null)
DEBUG StatusLogger Building Plugin[name=logger, class=org.apache.logging.log4j.core.config.LoggerConfig].
DEBUG StatusLogger createLogger(additivity="true", level="WARN", name="org.apache.zookeeper.ClientCnxn", includeLocation="null", ={}, ={}, Configuration(HiveLog4j2Test), Filter=null)
DEBUG StatusLogger Building Plugin[name=logger, class=org.apache.logging.log4j.core.config.LoggerConfig].
DEBUG StatusLogger createLogger(additivity="true", level="WARN", name="org.apache.zookeeper.ClientCnxnSocket", includeLocation="null", ={}, ={}, Configuration(HiveLog4j2Test), Filter=null)
DEBUG StatusLogger Building Plugin[name=logger, class=org.apache.logging.log4j.core.config.LoggerConfig].
DEBUG StatusLogger createLogger(additivity="true", level="WARN", name="org.apache.zookeeper.ClientCnxnSocketNIO", includeLocation="null", ={}, ={}, Configuration(HiveLog4j2Test), Filter=null)
DEBUG StatusLogger Building Plugin[name=logger, class=org.apache.logging.log4j.core.config.LoggerConfig].
DEBUG StatusLogger createLogger(additivity="true", level="ERROR", name="DataNucleus", includeLocation="null", ={}, ={}, Configuration(HiveLog4j2Test), Filter=null)
DEBUG StatusLogger Building Plugin[name=logger, class=org.apache.logging.log4j.core.config.LoggerConfig].
DEBUG StatusLogger createLogger(additivity="true", level="ERROR", name="Datastore", includeLocation="null", ={}, ={}, Configuration(HiveLog4j2Test), Filter=null)
DEBUG StatusLogger Building Plugin[name=logger, class=org.apache.logging.log4j.core.config.LoggerConfig].
DEBUG StatusLogger createLogger(additivity="true", level="ERROR", name="JPOX", includeLocation="null", ={}, ={}, Configuration(HiveLog4j2Test), Filter=null)
DEBUG StatusLogger Building Plugin[name=logger, class=org.apache.logging.log4j.core.config.LoggerConfig].
DEBUG StatusLogger createLogger(additivity="true", level="INFO", name="org.apache.hadoop.hive.ql.exec.Operator", includeLocation="null", ={}, ={}, Configuration(HiveLog4j2Test), Filter=null)
DEBUG StatusLogger Building Plugin[name=logger, class=org.apache.logging.log4j.core.config.LoggerConfig].
DEBUG StatusLogger createLogger(additivity="true", level="INFO", name="org.apache.hadoop.hive.serde2.lazy", includeLocation="null", ={}, ={}, Configuration(HiveLog4j2Test), Filter=null)
DEBUG StatusLogger Building Plugin[name=logger, class=org.apache.logging.log4j.core.config.LoggerConfig].
DEBUG StatusLogger createLogger(additivity="true", level="INFO", name="org.apache.hadoop.hive.metastore.ObjectStore", includeLocation="null", ={}, ={}, Configuration(HiveLog4j2Test), Filter=null)
DEBUG StatusLogger Building Plugin[name=logger, class=org.apache.logging.log4j.core.config.LoggerConfig].
DEBUG StatusLogger createLogger(additivity="true", level="INFO", name="org.apache.calcite.plan.RelOptPlanner", includeLocation="null", ={}, ={}, Configuration(HiveLog4j2Test), Filter=null)
DEBUG StatusLogger Building Plugin[name=logger, class=org.apache.logging.log4j.core.config.LoggerConfig].
DEBUG StatusLogger createLogger(additivity="true", level="INFO", name="com.amazonaws", includeLocation="null", ={}, ={}, Configuration(HiveLog4j2Test), Filter=null)
DEBUG StatusLogger Building Plugin[name=logger, class=org.apache.logging.log4j.core.config.LoggerConfig].
DEBUG StatusLogger createLogger(additivity="true", level="INFO", name="org.apache.http", includeLocation="null", ={}, ={}, Configuration(HiveLog4j2Test), Filter=null)
DEBUG StatusLogger Building Plugin[name=logger, class=org.apache.logging.log4j.core.config.LoggerConfig].
DEBUG StatusLogger createLogger(additivity="true", level="WARN", name="org.apache.thrift", includeLocation="null", ={}, ={}, Configuration(HiveLog4j2Test), Filter=null)
DEBUG StatusLogger Building Plugin[name=logger, class=org.apache.logging.log4j.core.config.LoggerConfig].
DEBUG StatusLogger createLogger(additivity="true", level="WARN", name="org.eclipse.jetty", includeLocation="null", ={}, ={}, Configuration(HiveLog4j2Test), Filter=null)
DEBUG StatusLogger Building Plugin[name=logger, class=org.apache.logging.log4j.core.config.LoggerConfig].
DEBUG StatusLogger createLogger(additivity="true", level="WARN", name="BlockStateChange", includeLocation="null", ={}, ={}, Configuration(HiveLog4j2Test), Filter=null)
DEBUG StatusLogger Building Plugin[name=AppenderRef, class=org.apache.logging.log4j.core.config.AppenderRef].
DEBUG StatusLogger createAppenderRef(ref="console", level="OFF", Filter=null)
DEBUG StatusLogger Building Plugin[name=AppenderRef, class=org.apache.logging.log4j.core.config.AppenderRef].
DEBUG StatusLogger createAppenderRef(ref="DRFA", level="null", Filter=null)
DEBUG StatusLogger Building Plugin[name=root, class=org.apache.logging.log4j.core.config.LoggerConfig$RootLogger].
DEBUG StatusLogger createLogger(additivity="null", level="DEBUG", includeLocation="null", ={console, DRFA}, ={}, Configuration(HiveLog4j2Test), Filter=null)
DEBUG StatusLogger Building Plugin[name=loggers, class=org.apache.logging.log4j.core.config.LoggersPlugin].
DEBUG StatusLogger createLoggers(={org.apache.hadoop.ipc, org.apache.hadoop.security, org.apache.hadoop.hdfs, org.apache.hadoop.hdfs.server, org.apache.hadoop.metrics2, org.mortbay, org.apache.hadoop.yarn, org.apache.hadoop.yarn.server, org.apache.tez, org.apache.hadoop.conf.Configuration, org.apache.zookeeper, org.apache.zookeeper.server.ServerCnxn, org.apache.zookeeper.server.NIOServerCnxn, org.apache.zookeeper.ClientCnxn, org.apache.zookeeper.ClientCnxnSocket, org.apache.zookeeper.ClientCnxnSocketNIO, DataNucleus, Datastore, JPOX, org.apache.hadoop.hive.ql.exec.Operator, org.apache.hadoop.hive.serde2.lazy, org.apache.hadoop.hive.metastore.ObjectStore, org.apache.calcite.plan.RelOptPlanner, com.amazonaws, org.apache.http, org.apache.thrift, org.eclipse.jetty, BlockStateChange, root})
DEBUG StatusLogger Building Plugin[name=layout, class=org.apache.logging.log4j.core.layout.PatternLayout].
DEBUG StatusLogger PatternLayout$Builder(pattern="%d{ISO8601} %5p [%t] %c{2}: %m%n", PatternSelector=null, Configuration(HiveLog4j2Test), Replace=null, charset="null", alwaysWriteExceptions="null", disableAnsi="null", noConsoleNoAnsi="null", header="null", footer="null")
DEBUG StatusLogger PluginManager 'Converter' found 42 plugins
DEBUG StatusLogger Building Plugin[name=appender, class=org.apache.logging.log4j.core.appender.ConsoleAppender].
DEBUG StatusLogger ConsoleAppender$Builder(target="SYSTEM_ERR", follow="null", direct="null", bufferedIo="null", bufferSize="null", immediateFlush="null", ignoreExceptions="null", PatternLayout(%d{ISO8601} %5p [%t] %c{2}: %m%n), name="console", Configuration(HiveLog4j2Test), Filter=null)
DEBUG StatusLogger Starting OutputStreamManager SYSTEM_ERR.false.false
DEBUG StatusLogger Building Plugin[name=layout, class=org.apache.logging.log4j.core.layout.PatternLayout].
DEBUG StatusLogger PatternLayout$Builder(pattern="%d{ISO8601} %5p [%t] %c{2}: %m%n", PatternSelector=null, Configuration(HiveLog4j2Test), Replace=null, charset="null", alwaysWriteExceptions="null", disableAnsi="null", noConsoleNoAnsi="null", header="null", footer="null")
DEBUG StatusLogger Building Plugin[name=TimeBasedTriggeringPolicy, class=org.apache.logging.log4j.core.appender.rolling.TimeBasedTriggeringPolicy].
DEBUG StatusLogger TimeBasedTriggeringPolicy$Builder(interval="1", modulate="true", maxRandomDelay="null")
DEBUG StatusLogger Building Plugin[name=Policies, class=org.apache.logging.log4j.core.appender.rolling.CompositeTriggeringPolicy].
DEBUG StatusLogger createPolicy(={TimeBasedTriggeringPolicy(nextRolloverMillis=0, interval=1, modulate=true)})
DEBUG StatusLogger Building Plugin[name=DefaultRolloverStrategy, class=org.apache.logging.log4j.core.appender.rolling.DefaultRolloverStrategy].
DEBUG StatusLogger DefaultRolloverStrategy$Builder(max="30", min="null", fileIndex="null", compressionLevel="null", ={}, stopCustomActionsOnError="null", tempCompressedFilePattern="null", Configuration(HiveLog4j2Test))
DEBUG StatusLogger Building Plugin[name=appender, class=org.apache.logging.log4j.core.appender.RollingRandomAccessFileAppender].
DEBUG StatusLogger RollingRandomAccessFileAppender$Builder(fileName="/Users/gates/git/hive/itests/qtest/target/tmp/log/hive.log", filePattern="/Users/gates/git/hive/itests/qtest/target/tmp/log/hive.log.%d{yyyy-MM-dd}", append="null", Policies(CompositeTriggeringPolicy(policies=[TimeBasedTriggeringPolicy(nextRolloverMillis=0, interval=1, modulate=true)])), DefaultRolloverStrategy(DefaultRolloverStrategy(min=1, max=30, useMax=true)), advertise="null", advertiseURI="null", filePermissions="null", fileOwner="null", fileGroup="null", bufferedIo="null", bufferSize="null", immediateFlush="null", ignoreExceptions="null", PatternLayout(%d{ISO8601} %5p [%t] %c{2}: %m%n), name="DRFA", Configuration(HiveLog4j2Test), Filter=null)
TRACE StatusLogger RandomAccessFile /Users/gates/git/hive/itests/qtest/target/tmp/log/hive.log seek to 0
DEBUG StatusLogger Starting RollingRandomAccessFileManager /Users/gates/git/hive/itests/qtest/target/tmp/log/hive.log
DEBUG StatusLogger PluginManager 'FileConverter' found 3 plugins
DEBUG StatusLogger Setting prev file time to 2019-11-27T11:47:59.795-0800
DEBUG StatusLogger Initializing triggering policy CompositeTriggeringPolicy(policies=[TimeBasedTriggeringPolicy(nextRolloverMillis=0, interval=1, modulate=true)])
TRACE StatusLogger PatternProcessor.getNextTime returning 2019/11/28-00:00:00.000, nextFileTime=2019/11/27-00:00:00.000, prevFileTime=1969/12/31-16:00:00.000, current=2019/11/27-11:47:59.809, freq=DAILY
TRACE StatusLogger PatternProcessor.getNextTime returning 2019/11/28-00:00:00.000, nextFileTime=2019/11/27-00:00:00.000, prevFileTime=2019/11/27-00:00:00.000, current=2019/11/27-11:47:59.810, freq=DAILY
DEBUG StatusLogger Building Plugin[name=appenders, class=org.apache.logging.log4j.core.config.AppendersPlugin].
DEBUG StatusLogger createAppenders(={console, DRFA})
DEBUG StatusLogger Configuration org.apache.logging.log4j.core.config.properties.PropertiesConfiguration@1fa121e2 initialized
DEBUG StatusLogger Starting configuration org.apache.logging.log4j.core.config.properties.PropertiesConfiguration@1fa121e2
DEBUG StatusLogger Started configuration org.apache.logging.log4j.core.config.properties.PropertiesConfiguration@1fa121e2 OK.
TRACE StatusLogger Stopping org.apache.logging.log4j.core.config.DefaultConfiguration@29f69090...
TRACE StatusLogger DefaultConfiguration notified 1 ReliabilityStrategies that config will be stopped.
TRACE StatusLogger DefaultConfiguration stopping root LoggerConfig.
TRACE StatusLogger DefaultConfiguration notifying ReliabilityStrategies that appenders will be stopped.
TRACE StatusLogger DefaultConfiguration stopping remaining Appenders.
DEBUG StatusLogger Shutting down OutputStreamManager SYSTEM_OUT.false.false-1
DEBUG StatusLogger Shut down OutputStreamManager SYSTEM_OUT.false.false-1, all resources released: true
DEBUG StatusLogger Appender DefaultConsole-1 stopped with status true
TRACE StatusLogger DefaultConfiguration stopped 1 remaining Appenders.
TRACE StatusLogger DefaultConfiguration cleaning Appenders from 1 LoggerConfigs.
DEBUG StatusLogger Stopped org.apache.logging.log4j.core.config.DefaultConfiguration@29f69090 OK
TRACE StatusLogger Reregistering MBeans after reconfigure. Selector=org.apache.logging.log4j.core.selector.ClassLoaderContextSelector@332729ad
TRACE StatusLogger Reregistering context (1/1): '232204a1' org.apache.logging.log4j.core.LoggerContext@4d5d943d
TRACE StatusLogger Unregistering but no MBeans found matching 'org.apache.logging.log4j2:type=232204a1'
TRACE StatusLogger Unregistering but no MBeans found matching 'org.apache.logging.log4j2:type=232204a1,component=StatusLogger'
TRACE StatusLogger Unregistering but no MBeans found matching 'org.apache.logging.log4j2:type=232204a1,component=ContextSelector'
TRACE StatusLogger Unregistering but no MBeans found matching 'org.apache.logging.log4j2:type=232204a1,component=Loggers,name=*'
TRACE StatusLogger Unregistering but no MBeans found matching 'org.apache.logging.log4j2:type=232204a1,component=Appenders,name=*'
TRACE StatusLogger Unregistering but no MBeans found matching 'org.apache.logging.log4j2:type=232204a1,component=AsyncAppenders,name=*'
TRACE StatusLogger Unregistering but no MBeans found matching 'org.apache.logging.log4j2:type=232204a1,component=AsyncLoggerRingBuffer'
TRACE StatusLogger Unregistering but no MBeans found matching 'org.apache.logging.log4j2:type=232204a1,component=Loggers,name=*,subtype=RingBuffer'
DEBUG StatusLogger Registering MBean org.apache.logging.log4j2:type=232204a1
DEBUG StatusLogger Registering MBean org.apache.logging.log4j2:type=232204a1,component=StatusLogger
DEBUG StatusLogger Registering MBean org.apache.logging.log4j2:type=232204a1,component=ContextSelector
DEBUG StatusLogger Registering MBean org.apache.logging.log4j2:type=232204a1,component=Loggers,name=
DEBUG StatusLogger Registering MBean org.apache.logging.log4j2:type=232204a1,component=Loggers,name=org.apache.tez
DEBUG StatusLogger Registering MBean org.apache.logging.log4j2:type=232204a1,component=Loggers,name=com.amazonaws
DEBUG StatusLogger Registering MBean org.apache.logging.log4j2:type=232204a1,component=Loggers,name=org.apache.thrift
DEBUG StatusLogger Registering MBean org.apache.logging.log4j2:type=232204a1,component=Loggers,name=org.eclipse.jetty
DEBUG StatusLogger Registering MBean org.apache.logging.log4j2:type=232204a1,component=Loggers,name=BlockStateChange
DEBUG StatusLogger Registering MBean org.apache.logging.log4j2:type=232204a1,component=Loggers,name=org.apache.hadoop.metrics2
DEBUG StatusLogger Registering MBean org.apache.logging.log4j2:type=232204a1,component=Loggers,name=org.apache.zookeeper.ClientCnxn
DEBUG StatusLogger Registering MBean org.apache.logging.log4j2:type=232204a1,component=Loggers,name=org.apache.zookeeper
DEBUG StatusLogger Registering MBean org.apache.logging.log4j2:type=232204a1,component=Loggers,name=org.apache.hadoop.security
DEBUG StatusLogger Registering MBean org.apache.logging.log4j2:type=232204a1,component=Loggers,name=JPOX
DEBUG StatusLogger Registering MBean org.apache.logging.log4j2:type=232204a1,component=Loggers,name=org.apache.hadoop.yarn.server
DEBUG StatusLogger Registering MBean org.apache.logging.log4j2:type=232204a1,component=Loggers,name=org.apache.hadoop.conf.Configuration
DEBUG StatusLogger Registering MBean org.apache.logging.log4j2:type=232204a1,component=Loggers,name=org.apache.hadoop.yarn
DEBUG StatusLogger Registering MBean org.apache.logging.log4j2:type=232204a1,component=Loggers,name=org.apache.zookeeper.ClientCnxnSocketNIO
DEBUG StatusLogger Registering MBean org.apache.logging.log4j2:type=232204a1,component=Loggers,name=org.apache.zookeeper.server.ServerCnxn
DEBUG StatusLogger Registering MBean org.apache.logging.log4j2:type=232204a1,component=Loggers,name=org.apache.hadoop.hdfs
DEBUG StatusLogger Registering MBean org.apache.logging.log4j2:type=232204a1,component=Loggers,name=org.apache.hadoop.hdfs.server
DEBUG StatusLogger Registering MBean org.apache.logging.log4j2:type=232204a1,component=Loggers,name=org.apache.hadoop.hive.serde2.lazy
DEBUG StatusLogger Registering MBean org.apache.logging.log4j2:type=232204a1,component=Loggers,name=org.apache.zookeeper.ClientCnxnSocket
DEBUG StatusLogger Registering MBean org.apache.logging.log4j2:type=232204a1,component=Loggers,name=org.mortbay
DEBUG StatusLogger Registering MBean org.apache.logging.log4j2:type=232204a1,component=Loggers,name=org.apache.http
DEBUG StatusLogger Registering MBean org.apache.logging.log4j2:type=232204a1,component=Loggers,name=org.apache.hadoop.hive.ql.exec.Operator
DEBUG StatusLogger Registering MBean org.apache.logging.log4j2:type=232204a1,component=Loggers,name=DataNucleus
DEBUG StatusLogger Registering MBean org.apache.logging.log4j2:type=232204a1,component=Loggers,name=Datastore
DEBUG StatusLogger Registering MBean org.apache.logging.log4j2:type=232204a1,component=Loggers,name=org.apache.hadoop.hive.metastore.ObjectStore
DEBUG StatusLogger Registering MBean org.apache.logging.log4j2:type=232204a1,component=Loggers,name=org.apache.hadoop.ipc
DEBUG StatusLogger Registering MBean org.apache.logging.log4j2:type=232204a1,component=Loggers,name=org.apache.zookeeper.server.NIOServerCnxn
DEBUG StatusLogger Registering MBean org.apache.logging.log4j2:type=232204a1,component=Loggers,name=org.apache.calcite.plan.RelOptPlanner
DEBUG StatusLogger Registering MBean org.apache.logging.log4j2:type=232204a1,component=Appenders,name=console
DEBUG StatusLogger Registering MBean org.apache.logging.log4j2:type=232204a1,component=Appenders,name=DRFA
TRACE StatusLogger Using default SystemClock for timestamps.
TRACE StatusLogger Using DummyNanoClock for nanosecond timestamps.
DEBUG StatusLogger Reconfiguration complete for context[name=232204a1] at URI /Users/gates/git/hive/itests/qtest/target/testconf/hive-log4j2.properties (org.apache.logging.log4j.core.LoggerContext@4d5d943d) with optional ClassLoader: null
DEBUG StatusLogger Shutdown hook enabled. Registering a new one.
DEBUG StatusLogger LoggerContext[name=232204a1, org.apache.logging.log4j.core.LoggerContext@4d5d943d] started OK.
DEBUG StatusLogger AsyncLogger.ThreadNameStrategy=UNCACHED (user specified null, default is UNCACHED)
TRACE StatusLogger Using default SystemClock for timestamps.
Starting org.apache.hadoop.hive.cli.control.CoreCliDriver run at 1574884079923
Hive Session ID = 1d8d7ca2-e2fa-44e9-98c7-f017426f6212
ivysettings.xml file not found in HIVE_HOME or HIVE_CONF_DIR,/Users/gates/git/hive/conf/ivysettings.xml will be used
QtestUtil instance created ElapsedTime(ms)=11175
ivysettings.xml file not found in HIVE_HOME or HIVE_CONF_DIR,/Users/gates/git/hive/conf/ivysettings.xml will be used
Initialization cleanup done. ElapsedTime(ms)=2105
Initialization createSources done. ElapsedTime(ms)=206
Begin query: selectDistinctStar.q
diff: /Users/gates/git/hive/ql/src/test/results/clientpositive/selectDistinctStar.q.out: No such file or directory
Done query selectDistinctStar.q. succeeded=false, skipped=false. ElapsedTime(ms)=105227
]]></system-err>
  </testcase>
  <testcase name="testCliDriver[select_as_omitted]" classname="org.apache.hadoop.hive.cli.TestCliDriver" time="2.32"/>
  <testcase name="testCliDriver[select_same_col]" classname="org.apache.hadoop.hive.cli.TestCliDriver" time="10.332"/>
  <testcase name="testCliDriver[selectindate]" classname="org.apache.hadoop.hive.cli.TestCliDriver" time="10.729"/>
</testsuite>