<?xml version="1.0" encoding="UTF-8"?>
<testsuite xmlns:xsi="http://www.w3.org/2001/XMLSchema-instance" xsi:noNamespaceSchemaLocation="https://maven.apache.org/surefire/maven-surefire-plugin/xsd/surefire-test-report.xsd" name="org.dtest.core.TestBuildInfo" time="0.635" tests="4" errors="0" skipped="0" failures="0">
  <properties>
[...]
</properties>
  <testcase name="parseYaml" classname="org.dtest.core.TestBuildInfo" time="0.584"/>
  <testcase name="withDash" classname="org.dtest.core.TestBuildInfo" time="0.001"/>
  <testcase name="simple" classname="org.dtest.core.TestBuildInfo" time="0"/>
  <testcase name="withSlash" classname="org.dtest.core.TestBuildInfo" time="0"/>
</testsuite>